<?xml version="1.0" encoding="UTF-8"?>
<!-- Generated by org.testng.reporters.JUnitReportReporter -->
<testsuite skipped="0" hostname="BDC7-L-4SVCVN2" name="testScenarios.TC006_Register" tests="4" failures="0" timestamp="06 Nov 2018 18:56:53 GMT" time="32.055" errors="0">
  <testcase name="WelcomePage" time="8.020" classname="testScenarios.TC006_Register"/>
  <testcase name="Register" time="3.266" classname="testScenarios.TC006_Register"/>
  <testcase name="LegalNoticeTab" time="12.801" classname="testScenarios.TC006_Register"/>
  <testcase name="SupplierRegistration" time="7.968" classname="testScenarios.TC006_Register"/>
</testsuite> <!-- testScenarios.TC006_Register -->
