<?xml version="1.0" encoding="UTF-8"?>
<!-- Generated by org.testng.reporters.JUnitReportReporter -->
<testsuite skipped="0" hostname="BDC7-L-4SVCVN2" name="testScenarios.TC008_Home" tests="2" failures="0" timestamp="24 Oct 2018 10:08:32 GMT" time="12.009" errors="0">
  <testcase name="WelcomePage" time="8.553" classname="testScenarios.TC008_Home"/>
  <testcase name="ForgotPassword" time="3.456" classname="testScenarios.TC008_Home"/>
</testsuite> <!-- testScenarios.TC008_Home -->
