<?xml version="1.0" encoding="UTF-8"?>
<!-- Generated by org.testng.reporters.JUnitReportReporter -->
<testsuite skipped="0" hostname="BDC7-L-4SVCVN2" name="testScenarios.TC006_Register" tests="4" failures="0" timestamp="01 Nov 2018 09:54:00 GMT" time="28.161" errors="0">
  <testcase name="WelcomePage" time="8.043" classname="testScenarios.TC006_Register"/>
  <testcase name="Register" time="3.588" classname="testScenarios.TC006_Register"/>
  <testcase name="LegalNoticeTab" time="9.147" classname="testScenarios.TC006_Register"/>
  <testcase name="SupplierRegistration" time="7.383" classname="testScenarios.TC006_Register"/>
</testsuite> <!-- testScenarios.TC006_Register -->
