<?xml version="1.0" encoding="UTF-8"?>
<!-- Generated by org.testng.reporters.JUnitReportReporter -->
<testsuite skipped="0" hostname="BDC7-L-4SVCVN2" name="testScenarios.TC006_Register" tests="4" failures="0" timestamp="30 Oct 2018 08:43:26 GMT" time="19.083" errors="0">
  <testcase name="WelcomePage" time="2.141" classname="testScenarios.TC006_Register"/>
  <testcase name="Register" time="2.378" classname="testScenarios.TC006_Register"/>
  <testcase name="LegalNoticeTab" time="7.974" classname="testScenarios.TC006_Register"/>
  <testcase name="SupplierRegistration" time="6.590" classname="testScenarios.TC006_Register"/>
</testsuite> <!-- testScenarios.TC006_Register -->
