<?xml version="1.0" encoding="UTF-8"?>
<!-- Generated by org.testng.reporters.JUnitReportReporter -->
<testsuite skipped="0" hostname="BDC7-L-4SVCVN2" name="testScenarios.TC006_Register" tests="4" failures="0" timestamp="31 Oct 2018 15:12:43 GMT" time="26.949" errors="0">
  <testcase name="WelcomePage" time="2.227" classname="testScenarios.TC006_Register"/>
  <testcase name="Register" time="3.479" classname="testScenarios.TC006_Register"/>
  <testcase name="LegalNoticeTab" time="10.120" classname="testScenarios.TC006_Register"/>
  <testcase name="SupplierRegistration" time="11.123" classname="testScenarios.TC006_Register"/>
</testsuite> <!-- testScenarios.TC006_Register -->
