<?xml version="1.0" encoding="UTF-8"?>
<!-- Generated by org.testng.reporters.JUnitReportReporter -->
<testsuite skipped="0" hostname="BDC7-L-4SVCVN2" name="testScenarios.TC005_ForgotPassword" tests="3" failures="0" timestamp="09 Nov 2018 09:13:41 GMT" time="18.113" errors="0">
  <testcase name="WelcomePage" time="7.376" classname="testScenarios.TC005_ForgotPassword"/>
  <testcase name="ForgotPassword" time="4.695" classname="testScenarios.TC005_ForgotPassword"/>
  <testcase name="ResetLoginDetails" time="6.042" classname="testScenarios.TC005_ForgotPassword"/>
</testsuite> <!-- testScenarios.TC005_ForgotPassword -->
