<?xml version="1.0" encoding="UTF-8"?>
<!-- Generated by org.testng.reporters.JUnitReportReporter -->
<testsuite skipped="0" hostname="BDC7-L-4SVCVN2" name="testScenarios.TC005_ForgotPassword" tests="3" failures="0" timestamp="07 Nov 2018 04:47:10 GMT" time="18.194" errors="0">
  <testcase name="WelcomePage" time="7.755" classname="testScenarios.TC005_ForgotPassword"/>
  <testcase name="ForgotPassword" time="3.276" classname="testScenarios.TC005_ForgotPassword"/>
  <testcase name="ResetLoginDetails" time="7.163" classname="testScenarios.TC005_ForgotPassword"/>
</testsuite> <!-- testScenarios.TC005_ForgotPassword -->
