<?xml version="1.0" encoding="UTF-8"?>
<!-- Generated by org.testng.reporters.JUnitReportReporter -->
<testsuite skipped="0" hostname="BDC7-L-4SVCVN2" name="testScenarios.TC005_ForgotPassword" tests="3" failures="0" timestamp="09 Nov 2018 07:10:22 GMT" time="16.080" errors="0">
  <testcase name="WelcomePage" time="7.970" classname="testScenarios.TC005_ForgotPassword"/>
  <testcase name="ForgotPassword" time="2.673" classname="testScenarios.TC005_ForgotPassword"/>
  <testcase name="ResetLoginDetails" time="5.437" classname="testScenarios.TC005_ForgotPassword"/>
</testsuite> <!-- testScenarios.TC005_ForgotPassword -->
