<?xml version="1.0" encoding="UTF-8"?>
<!-- Generated by org.testng.reporters.JUnitReportReporter -->
<testsuite skipped="0" hostname="BDC7-L-4SVCVN2" name="testScenarios.TC006_Register" tests="4" failures="0" timestamp="24 Oct 2018 06:18:58 GMT" time="27.500" errors="0">
  <testcase name="WelcomePage" time="7.541" classname="testScenarios.TC006_Register"/>
  <testcase name="Register" time="3.258" classname="testScenarios.TC006_Register"/>
  <testcase name="LegalNoticeTab" time="8.446" classname="testScenarios.TC006_Register"/>
  <testcase name="SupplierRegistration" time="8.255" classname="testScenarios.TC006_Register"/>
</testsuite> <!-- testScenarios.TC006_Register -->
