<?xml version="1.0" encoding="UTF-8"?>
<!-- Generated by org.testng.reporters.JUnitReportReporter -->
<testsuite skipped="0" hostname="BDC7-L-4SVCVN2" name="testScenarios.TC006_Register" tests="4" failures="0" timestamp="09 Nov 2018 07:10:22 GMT" time="34.257" errors="0">
  <testcase name="WelcomePage" time="9.067" classname="testScenarios.TC006_Register"/>
  <testcase name="Register" time="6.002" classname="testScenarios.TC006_Register"/>
  <testcase name="LegalNoticeTab" time="10.912" classname="testScenarios.TC006_Register"/>
  <testcase name="SupplierRegistration" time="8.276" classname="testScenarios.TC006_Register"/>
</testsuite> <!-- testScenarios.TC006_Register -->
