<?xml version="1.0" encoding="UTF-8"?>
<!-- Generated by org.testng.reporters.JUnitReportReporter -->
<testsuite skipped="0" hostname="BDC7-L-4SVCVN2" name="testScenarios.TC006_Register" tests="4" failures="0" timestamp="06 Nov 2018 15:26:07 GMT" time="32.515" errors="0">
  <testcase name="WelcomePage" time="8.675" classname="testScenarios.TC006_Register"/>
  <testcase name="Register" time="2.810" classname="testScenarios.TC006_Register"/>
  <testcase name="LegalNoticeTab" time="9.991" classname="testScenarios.TC006_Register"/>
  <testcase name="SupplierRegistration" time="11.039" classname="testScenarios.TC006_Register"/>
</testsuite> <!-- testScenarios.TC006_Register -->
