<?xml version="1.0" encoding="UTF-8"?>
<!-- Generated by org.testng.reporters.JUnitReportReporter -->
<testsuite skipped="0" hostname="BDC7-L-4SVCVN2" name="testScenarios.TC006_Register" tests="4" failures="0" timestamp="07 Nov 2018 13:01:42 GMT" time="25.306" errors="0">
  <testcase name="WelcomePage" time="3.073" classname="testScenarios.TC006_Register"/>
  <testcase name="Register" time="4.326" classname="testScenarios.TC006_Register"/>
  <testcase name="LegalNoticeTab" time="9.858" classname="testScenarios.TC006_Register"/>
  <testcase name="SupplierRegistration" time="8.049" classname="testScenarios.TC006_Register"/>
</testsuite> <!-- testScenarios.TC006_Register -->
