<?xml version="1.0" encoding="UTF-8"?>
<!-- Generated by org.testng.reporters.JUnitReportReporter -->
<testsuite skipped="0" hostname="BDC7-L-4SVCVN2" name="testScenarios.TC005_ForgotPassword" tests="3" failures="0" timestamp="07 Nov 2018 05:15:24 GMT" time="18.838" errors="0">
  <testcase name="WelcomePage" time="6.341" classname="testScenarios.TC005_ForgotPassword"/>
  <testcase name="ForgotPassword" time="4.152" classname="testScenarios.TC005_ForgotPassword"/>
  <testcase name="ResetLoginDetails" time="8.345" classname="testScenarios.TC005_ForgotPassword"/>
</testsuite> <!-- testScenarios.TC005_ForgotPassword -->
