<?xml version="1.0" encoding="UTF-8"?>
<!-- Generated by org.testng.reporters.JUnitReportReporter -->
<testsuite skipped="0" hostname="BDC7-L-4SVCVN2" name="testScenarios.TC006_Register" tests="4" failures="0" timestamp="30 Oct 2018 09:49:36 GMT" time="29.790" errors="0">
  <testcase name="WelcomePage" time="8.807" classname="testScenarios.TC006_Register"/>
  <testcase name="Register" time="3.399" classname="testScenarios.TC006_Register"/>
  <testcase name="LegalNoticeTab" time="9.056" classname="testScenarios.TC006_Register"/>
  <testcase name="SupplierRegistration" time="8.528" classname="testScenarios.TC006_Register"/>
</testsuite> <!-- testScenarios.TC006_Register -->
