<?xml version="1.0" encoding="UTF-8"?>
<!-- Generated by org.testng.reporters.JUnitReportReporter -->
<testsuite skipped="0" hostname="BDC7-L-4SVCVN2" name="testScenarios.TC006_Register" tests="4" failures="0" timestamp="07 Nov 2018 08:04:10 GMT" time="35.557" errors="0">
  <testcase name="WelcomePage" time="15.802" classname="testScenarios.TC006_Register"/>
  <testcase name="Register" time="3.117" classname="testScenarios.TC006_Register"/>
  <testcase name="LegalNoticeTab" time="9.492" classname="testScenarios.TC006_Register"/>
  <testcase name="SupplierRegistration" time="7.146" classname="testScenarios.TC006_Register"/>
</testsuite> <!-- testScenarios.TC006_Register -->
