<?xml version="1.0" encoding="UTF-8"?>
<!-- Generated by org.testng.reporters.JUnitReportReporter -->
<testsuite skipped="0" hostname="BDC7-L-4SVCVN2" name="testScenarios.TC001_ForgotPassword" tests="3" failures="0" timestamp="23 Oct 2018 08:43:08 GMT" time="16.478" errors="0">
  <testcase name="WelcomePage" time="8.086" classname="testScenarios.TC001_ForgotPassword"/>
  <testcase name="ForgotPassword" time="3.628" classname="testScenarios.TC001_ForgotPassword"/>
  <testcase name="ResetLoginDetails" time="4.764" classname="testScenarios.TC001_ForgotPassword"/>
</testsuite> <!-- testScenarios.TC001_ForgotPassword -->
