<?xml version="1.0" encoding="UTF-8"?>
<!-- Generated by org.testng.reporters.JUnitReportReporter -->
<testsuite skipped="0" hostname="BDC7-L-4SVCVN2" name="testScenarios.TC005_ForgotPassword" tests="3" failures="0" timestamp="07 Nov 2018 13:01:42 GMT" time="14.218" errors="0">
  <testcase name="WelcomePage" time="4.554" classname="testScenarios.TC005_ForgotPassword"/>
  <testcase name="ForgotPassword" time="3.103" classname="testScenarios.TC005_ForgotPassword"/>
  <testcase name="ResetLoginDetails" time="6.561" classname="testScenarios.TC005_ForgotPassword"/>
</testsuite> <!-- testScenarios.TC005_ForgotPassword -->
